# JRE version: Java(TM) SE Runtime Environment (24.0.1+9) (build 24.0.1+9-30)
# Java VM: Java HotSpot(TM) 64-Bit Server VM (24.0.1+9-30, mixed mode, sharing, tiered, compressed oops, compressed class ptrs, g1 gc, windows-amd64)
GC Precious Log:
 CardTable entry size: 512
 Card Set container configuration: InlinePtr #cards 5 size 8 Array Of Cards #cards 10 size 36 Howl #buckets 4 coarsen threshold 1843 Howl Bitmap #cards 512 size 80 coarsen threshold 460 Card regions per heap region 1 cards per card region 2048
 CPUs: 4 total, 4 available
 Memory: 6020M
 Large Page Support: Disabled
 NUMA Support: Disabled
 Compressed Oops: Enabled (32-bit)
 Heap Region Size: 1M
 Heap Min Capacity: 8M
 Heap Initial Capacity: 96M
 Heap Max Capacity: 1506M
 Pre-touch: Disabled
 Parallel Workers: 4
 Concurrent Workers: 1
 Concurrent Refinement Workers: 4
 Periodic GC: Disabled
Heap:
 garbage-first heap   total reserved 1542144K, committed 57344K, used 33165K [0x00000000a1e00000, 0x0000000100000000)
  region size 1024K, 21 young (21504K), 2 survivors (2048K)
 Metaspace       used 23961K, committed 24320K, reserved 1114112K
  class space    used 2281K, committed 2432K, reserved 1048576K
GC Heap History (12 events):
Event: 8.749 GC heap before
{Heap before GC invocations=0 (full 0):
 garbage-first heap   total reserved 1542144K, committed 100352K, used 29812K [0x00000000a1e00000, 0x0000000100000000)
  region size 1024K, 28 young (28672K), 0 survivors (0K)
 Metaspace       used 15970K, committed 16384K, reserved 1114112K
  class space    used 1603K, committed 1792K, reserved 1048576K
}
Event: 8.757 GC heap after
{Heap after GC invocations=1 (full 0):
 garbage-first heap   total reserved 1542144K, committed 100352K, used 5316K [0x00000000a1e00000, 0x0000000100000000)
  region size 1024K, 4 young (4096K), 4 survivors (4096K)
 Metaspace       used 15970K, committed 16384K, reserved 1114112K
  class space    used 1603K, committed 1792K, reserved 1048576K
}
Event: 71.848 GC heap before
{Heap before GC invocations=1 (full 0):
 garbage-first heap   total reserved 1542144K, committed 100352K, used 52420K [0x00000000a1e00000, 0x0000000100000000)
  region size 1024K, 44 young (45056K), 4 survivors (4096K)
 Metaspace       used 20980K, committed 21376K, reserved 1114112K
  class space    used 2014K, committed 2176K, reserved 1048576K
}
Event: 71.856 GC heap after
{Heap after GC invocations=2 (full 0):
 garbage-first heap   total reserved 1542144K, committed 100352K, used 14005K [0x00000000a1e00000, 0x0000000100000000)
  region size 1024K, 2 young (2048K), 2 survivors (2048K)
 Metaspace       used 20980K, committed 21376K, reserved 1114112K
  class space    used 2014K, committed 2176K, reserved 1048576K
}
Event: 78.539 GC heap before
{Heap before GC invocations=2 (full 0):
 garbage-first heap   total reserved 1542144K, committed 100352K, used 63157K [0x00000000a1e00000, 0x0000000100000000)
  region size 1024K, 45 young (46080K), 2 survivors (2048K)
 Metaspace       used 21148K, committed 21504K, reserved 1114112K
  class space    used 2028K, committed 2176K, reserved 1048576K
}
Event: 78.542 GC heap after
{Heap after GC invocations=3 (full 0):
 garbage-first heap   total reserved 1542144K, committed 100352K, used 15780K [0x00000000a1e00000, 0x0000000100000000)
  region size 1024K, 2 young (2048K), 2 survivors (2048K)
 Metaspace       used 21148K, committed 21504K, reserved 1114112K
  class space    used 2028K, committed 2176K, reserved 1048576K
}
Event: 81.575 GC heap before
{Heap before GC invocations=3 (full 0):
 garbage-first heap   total reserved 1542144K, committed 100352K, used 36260K [0x00000000a1e00000, 0x0000000100000000)
  region size 1024K, 21 young (21504K), 2 survivors (2048K)
 Metaspace       used 21187K, committed 21504K, reserved 1114112K
  class space    used 2029K, committed 2176K, reserved 1048576K
}
Event: 81.578 GC heap after
{Heap after GC invocations=4 (full 0):
 garbage-first heap   total reserved 1542144K, committed 100352K, used 14651K [0x00000000a1e00000, 0x0000000100000000)
  region size 1024K, 2 young (2048K), 2 survivors (2048K)
 Metaspace       used 21187K, committed 21504K, reserved 1114112K
  class space    used 2029K, committed 2176K, reserved 1048576K
}
Event: 95.664 GC heap before
{Heap before GC invocations=5 (full 0):
 garbage-first heap   total reserved 1542144K, committed 55296K, used 53563K [0x00000000a1e00000, 0x0000000100000000)
  region size 1024K, 36 young (36864K), 2 survivors (2048K)
 Metaspace       used 21282K, committed 21632K, reserved 1114112K
  class space    used 2029K, committed 2176K, reserved 1048576K
}
Event: 95.667 GC heap after
{Heap after GC invocations=6 (full 0):
 garbage-first heap   total reserved 1542144K, committed 57344K, used 18855K [0x00000000a1e00000, 0x0000000100000000)
  region size 1024K, 2 young (2048K), 2 survivors (2048K)
 Metaspace       used 21282K, committed 21632K, reserved 1114112K
  class space    used 2029K, committed 2176K, reserved 1048576K
}
Event: 102.737 GC heap before
{Heap before GC invocations=6 (full 0):
 garbage-first heap   total reserved 1542144K, committed 57344K, used 45479K [0x00000000a1e00000, 0x0000000100000000)
  region size 1024K, 28 young (28672K), 2 survivors (2048K)
 Metaspace       used 21327K, committed 21696K, reserved 1114112K
  class space    used 2030K, committed 2176K, reserved 1048576K
}
Event: 102.740 GC heap after
{Heap after GC invocations=7 (full 0):
 garbage-first heap   total reserved 1542144K, committed 57344K, used 14733K [0x00000000a1e00000, 0x0000000100000000)
  region size 1024K, 2 young (2048K), 2 survivors (2048K)
 Metaspace       used 21327K, committed 21696K, reserved 1114112K
  class space    used 2030K, committed 2176K, reserved 1048576K
}

